c:\users\stot_\source\repos\ocr\ocr\x64\release\vc142.pdb
c:\users\stot_\source\repos\ocr\ocr\x64\release\source.obj
c:\users\stot_\source\repos\ocr\x64\release\ocr.ipdb
c:\users\stot_\source\repos\ocr\x64\release\ocr.iobj
c:\users\stot_\source\repos\ocr\ocr\x64\release\vcpkg.applocal.log
c:\users\stot_\source\repos\ocr\x64\release\leptonica-1.78.0.dll
c:\users\stot_\source\repos\ocr\x64\release\jpeg62.dll
c:\users\stot_\source\repos\ocr\x64\release\libpng16.dll
c:\users\stot_\source\repos\ocr\x64\release\zlib1.dll
c:\users\stot_\source\repos\ocr\x64\release\tiff.dll
c:\users\stot_\source\repos\ocr\x64\release\lzma.dll
c:\users\stot_\source\repos\ocr\x64\release\webp.dll
c:\users\stot_\source\repos\ocr\x64\release\libpqxx.dll
c:\users\stot_\source\repos\ocr\x64\release\libpq.dll
c:\users\stot_\source\repos\ocr\x64\release\libssl-1_1-x64.dll
c:\users\stot_\source\repos\ocr\x64\release\libcrypto-1_1-x64.dll
c:\users\stot_\source\repos\ocr\x64\release\ocr.pdb
c:\users\stot_\source\repos\ocr\ocr\x64\release\ocr.tlog\cl.command.1.tlog
c:\users\stot_\source\repos\ocr\ocr\x64\release\ocr.tlog\cl.read.1.tlog
c:\users\stot_\source\repos\ocr\ocr\x64\release\ocr.tlog\cl.write.1.tlog
c:\users\stot_\source\repos\ocr\ocr\x64\release\ocr.tlog\link.command.1.tlog
c:\users\stot_\source\repos\ocr\ocr\x64\release\ocr.tlog\link.read.1.tlog
c:\users\stot_\source\repos\ocr\ocr\x64\release\ocr.tlog\link.read.4.tlog
c:\users\stot_\source\repos\ocr\ocr\x64\release\ocr.tlog\link.read.7.tlog
c:\users\stot_\source\repos\ocr\ocr\x64\release\ocr.tlog\link.write.1.tlog
c:\users\stot_\source\repos\ocr\ocr\x64\release\ocr.tlog\ocr.write.1u.tlog
